echo "-Xclang -load -Xclang /files10/cs446/rt116146/TexasProtection.so -Xclang -TexasProtection"
-Xclang -load -Xclang /files10/cs446/rt116146/TexasProtection.so -Xclang -TexasProtection
echo "-Xclang -load -Xclang /files10/cs446/rt116146/TexasProtection.so -Xclang -TexasProtection"
-Xclang -load -Xclang /files10/cs446/rt116146/TexasProtection.so -Xclang -TexasProtection
make -C /files10/cs446/rt116146/mini-linux/linux/ M=/files10/cs446/rt116146/mini-linux/module ccflags-y="-Xclang -load -Xclang /files10/cs446/rt116146/TexasProtection.so -Xclang -TexasProtection" modules  
make[1]: Entering directory '/files10/cs446/rt116146/mini-linux/linux'
test -e include/generated/autoconf.h -a -e include/config/auto.conf || (		\
echo >&2;							\
echo >&2 "  ERROR: Kernel configuration is invalid.";		\
echo >&2 "         include/generated/autoconf.h or include/config/auto.conf are missing.";\
echo >&2 "         Run 'make oldconfig && make prepare' on kernel src to fix it.";	\
echo >&2 ;							\
/bin/false)
warning: the compiler differs from the one used to build the kernel
  The kernel was built by: clang version 13.0.1 (Red Hat 13.0.1-1.module+el8.6.0+14118+d530a951)
  You are using:           clang version 9.0.1 
make -f ./scripts/Makefile.build obj=/files10/cs446/rt116146/mini-linux/module \
single-build= \
need-builtin=1 need-modorder=1
  clang-9 -Wp,-MMD,/files10/cs446/rt116146/mini-linux/module/.test.o.d  -nostdinc -I./arch/x86/include -I./arch/x86/include/generated  -I./include -I./arch/x86/include/uapi -I./arch/x86/include/generated/uapi -I./include/uapi -I./include/generated/uapi -include ./include/linux/compiler-version.h -include ./include/linux/kconfig.h -include ./include/linux/compiler_types.h -D__KERNEL__ -Qunused-arguments -Wall -Wundef -Werror=strict-prototypes -Wno-trigraphs -fno-strict-aliasing -fno-common -fshort-wchar -fno-PIE -Werror=implicit-function-declaration -Werror=implicit-int -Werror=return-type -Wno-format-security -std=gnu11 --target=x86_64-linux-gnu -fintegrated-as -Werror=unknown-warning-option -Werror=ignored-optimization-argument -mno-sse -mno-mmx -mno-sse2 -mno-3dnow -mno-avx -fcf-protection=none -m64 -mno-80387 -mstack-alignment=8 -mtune=generic -mno-red-zone -mcmodel=kernel -Wno-sign-compare -fno-asynchronous-unwind-tables -mretpoline-external-thunk -fno-delete-null-pointer-checks -Wno-address-of-packed-member -O2 -Wframe-larger-than=2048 -fstack-protector-strong -Werror -Wno-gnu -Wno-unused-const-variable -fomit-frame-pointer -ftrivial-auto-var-init=zero -enable-trivial-auto-var-init-zero-knowing-it-will-be-removed-from-clang -Wdeclaration-after-statement -Wvla -Wno-pointer-sign -fno-strict-overflow -fno-stack-check -Werror=date-time -Werror=incompatible-pointer-types -Wno-initializer-overrides -Wno-format -Wno-sign-compare -Wno-format-zero-length -Wno-tautological-constant-out-of-range-compare -Xclang -load -Xclang /files10/cs446/rt116146/TexasProtection.so -Xclang -TexasProtection  -DMODULE  -DKBUILD_BASENAME='"test"' -DKBUILD_MODNAME='"test"' -D__KBUILD_MODNAME=kmod_test -c -o /files10/cs446/rt116146/mini-linux/module/test.o /files10/cs446/rt116146/mini-linux/module/test.c  ; ./tools/objtool/objtool orc generate  --module   --no-fp   --retpoline  --uaccess   /files10/cs446/rt116146/mini-linux/module/test.o
error: unknown argument: '-TexasProtection'
make[2]: *** [scripts/Makefile.build:288: /files10/cs446/rt116146/mini-linux/module/test.o] Error 1
make[1]: *** [Makefile:1834: /files10/cs446/rt116146/mini-linux/module] Error 2
make[1]: Leaving directory '/files10/cs446/rt116146/mini-linux/linux'
make: *** [Makefile:12: all] Error 2
